<?xml version="1.0" encoding="UTF-8"?>
<!-- Generated by org.testng.reporters.JUnitReportReporter -->
<testsuite hostname="up168" failures="0" tests="1" name="com.AP.tests.addToMyCartTests" time="8.276" errors="0" timestamp="4 Feb 2021 20:53:03 GMT">
  <testcase classname="com.AP.tests.addToMyCartTests" name="TestCase1" time="8.276"/>
</testsuite> <!-- com.AP.tests.addToMyCartTests -->
