<?xml version="1.0" encoding="UTF-8"?>
<!-- Generated by org.testng.reporters.JUnitReportReporter -->
<testsuite hostname="up168" failures="0" tests="1" name="com.AP.tests.SendToFriendTest2" time="13.759" errors="0" timestamp="4 Feb 2021 21:53:34 GMT">
  <testcase classname="com.AP.tests.SendToFriendTest2" name="TestCase1" time="13.759"/>
</testsuite> <!-- com.AP.tests.SendToFriendTest2 -->
